13:01:29 **** Incremental Build of configuration Debug for project stop-watch ****
make all 
Building file: ../main.c
Invoking: AVR Compiler
avr-gcc -Wall -g2 -gstabs -O0 -fpack-struct -fshort-enums -ffunction-sections -fdata-sections -std=gnu99 -funsigned-char -funsigned-bitfields -mmcu=atmega16 -DF_CPU=1000000UL -MMD -MP -MF"main.d" -MT"main.o" -c -o "main.o" "../main.c"
In file included from ../Headers.h:9,
                 from ../main.c:1:
d:/winavr/lib/gcc/../../avr/include/util/delay.h:90:3: warning: #warning "Compiler optimizations disabled; functions from <util/delay.h> won't work as designed"
Finished building: ../main.c
 
Building target: stop-watch.elf
Invoking: AVR C Linker
avr-gcc -Wl,-Map,stop-watch.map -mmcu=atmega16 -o "stop-watch.elf"  ./DIO.o ./Interrupts.o ./Timer.o ./main.o   
Finished building target: stop-watch.elf
 
Invoking: AVR Create Extended Listing
avr-objdump -h -S stop-watch.elf  >"stop-watch.lss"
Finished building: stop-watch.lss
 
Invoking: Print Size
avr-size --format=avr --mcu=atmega16 stop-watch.elf
AVR Memory Usage
----------------
Device: atmega16

Program:    5584 bytes (34.1% Full)
(.text + .data + .bootloader)

Data:         12 bytes (1.2% Full)
(.data + .bss + .noinit)


Finished building: sizedummy
 

13:01:30 Build Finished (took 401ms)

